<?xml version="1.0" encoding="UTF-8"?>
<!-- Generated by org.testng.reporters.JUnitXMLReporter -->
<testsuite ignored="0" hostname="DESKTOP-8GNLLIH" failures="1" tests="8" name="Test" time="57.979" errors="0" timestamp="2024-10-10T16:48:12 IST">
  <testcase classname="testCases.TC001_AccountRegistrationTest" name="verifyAccountRegistration" time="2.141"/>
  <testcase classname="testCases.TC002_LoginTest" name="verify_login" time="1.716"/>
  <testcase classname="testCases.TC003_LoginDDT" name="verify_loginDDT" time="0.0">
    <failure type="java.lang.RuntimeException" message="java.lang.NullPointerException: Cannot invoke &amp;quot;org.apache.poi.xssf.usermodel.XSSFRow.getCell(int)&amp;quot; because &amp;quot;this.row&amp;quot; is null">
      <![CDATA[java.lang.RuntimeException: java.lang.NullPointerException: Cannot invoke "org.apache.poi.xssf.usermodel.XSSFRow.getCell(int)" because "this.row" is null
at java.base/java.util.ArrayList.forEach(ArrayList.java:1596)
Caused by: java.lang.NullPointerException: Cannot invoke "org.apache.poi.xssf.usermodel.XSSFRow.getCell(int)" because "this.row" is null
at utilities.ExcelUtility.getCellData(ExcelUtility.java:63)
at utilities.DataProviders.getData(DataProviders.java:29)
... 25 more
... Removed 30 stack frames]]>
    </failure>
  </testcase> <!-- verify_loginDDT -->
  <testcase classname="testCases.TC004_AddProductToWishList" name="addToWishList" time="2.651"/>
  <testcase classname="testCases.TC005_AddProductToCart" name="addToWishList" time="2.601"/>
  <testcase classname="testCases.TC006_ShippingEstimation" name="applyingTheShippingEstimation" time="3.853"/>
  <testcase classname="testCases.TC007_OrderingTheProduct" name="orederingTheProduct" time="5.087"/>
  <testcase classname="testCases.TC008_EndToEndTestOnOpenCart" name="endToEnd" time="10.489"/>
</testsuite> <!-- Test -->
