<?xml version="1.0" encoding="UTF-8"?>
<testng-results ignored="0" total="1" passed="1" failed="0" skipped="0">
  <reporter-output>
  </reporter-output>
  <suite started-at="2024-10-05T13:28:19 IST" name="Master Suite" finished-at="2024-10-05T13:28:26 IST" duration-ms="6752">
    <groups>
    </groups>
    <test started-at="2024-10-05T13:28:19 IST" name="Test" finished-at="2024-10-05T13:28:26 IST" duration-ms="6752">
      <class name="testCases.TC005_AddProductToCart">
        <test-method is-config="true" signature="setUp(java.lang.String,java.lang.String)[pri:0, instance:testCases.TC005_AddProductToCart@38b27cdc]" started-at="2024-10-05T13:28:19 IST" name="setUp" finished-at="2024-10-05T13:28:23 IST" duration-ms="3622" status="PASS">
          <params>
            <param index="0">
              <value>
                <![CDATA[Windows]]>
              </value>
            </param>
            <param index="1">
              <value>
                <![CDATA[chrome]]>
              </value>
            </param>
          </params>
          <reporter-output>
          </reporter-output>
        </test-method> <!-- setUp -->
        <test-method signature="addToWishList()[pri:0, instance:testCases.TC005_AddProductToCart@38b27cdc]" started-at="2024-10-05T13:28:23 IST" name="addToWishList" finished-at="2024-10-05T13:28:25 IST" duration-ms="2621" status="PASS">
          <reporter-output>
          </reporter-output>
        </test-method> <!-- addToWishList -->
        <test-method is-config="true" signature="tearDown()[pri:0, instance:testCases.TC005_AddProductToCart@38b27cdc]" started-at="2024-10-05T13:28:25 IST" name="tearDown" finished-at="2024-10-05T13:28:26 IST" duration-ms="256" status="PASS">
          <reporter-output>
          </reporter-output>
        </test-method> <!-- tearDown -->
      </class> <!-- testCases.TC005_AddProductToCart -->
    </test> <!-- Test -->
  </suite> <!-- Master Suite -->
</testng-results>
