<?xml version="1.0" encoding="UTF-8"?>
<testng-results ignored="0" total="1" passed="1" failed="0" skipped="0">
  <reporter-output>
  </reporter-output>
  <suite started-at="2024-10-06T18:55:30 IST" name="Master Suite" finished-at="2024-10-06T18:55:47 IST" duration-ms="16252">
    <groups>
    </groups>
    <test started-at="2024-10-06T18:55:30 IST" name="Test" finished-at="2024-10-06T18:55:47 IST" duration-ms="16252">
      <class name="testCases.TC008_EndToEndTestOnOpenCart">
        <test-method is-config="true" signature="setUp(java.lang.String,java.lang.String)[pri:0, instance:testCases.TC008_EndToEndTestOnOpenCart@1f010bf0]" started-at="2024-10-06T18:55:31 IST" name="setUp" finished-at="2024-10-06T18:55:35 IST" duration-ms="4682" status="PASS">
          <params>
            <param index="0">
              <value>
                <![CDATA[Windows]]>
              </value>
            </param>
            <param index="1">
              <value>
                <![CDATA[chrome]]>
              </value>
            </param>
          </params>
          <reporter-output>
          </reporter-output>
        </test-method> <!-- setUp -->
        <test-method signature="endToEnd()[pri:0, instance:testCases.TC008_EndToEndTestOnOpenCart@1f010bf0]" started-at="2024-10-06T18:55:35 IST" name="endToEnd" finished-at="2024-10-06T18:55:46 IST" duration-ms="10894" status="PASS">
          <reporter-output>
          </reporter-output>
        </test-method> <!-- endToEnd -->
        <test-method is-config="true" signature="tearDown()[pri:0, instance:testCases.TC008_EndToEndTestOnOpenCart@1f010bf0]" started-at="2024-10-06T18:55:46 IST" name="tearDown" finished-at="2024-10-06T18:55:47 IST" duration-ms="336" status="PASS">
          <reporter-output>
          </reporter-output>
        </test-method> <!-- tearDown -->
      </class> <!-- testCases.TC008_EndToEndTestOnOpenCart -->
    </test> <!-- Test -->
  </suite> <!-- Master Suite -->
</testng-results>
