<?xml version="1.0" encoding="UTF-8"?>
<testng-results ignored="0" total="1" passed="1" failed="0" skipped="0">
  <reporter-output>
  </reporter-output>
  <suite started-at="2024-10-06T13:44:37 IST" name="Master Suite" finished-at="2024-10-06T13:44:46 IST" duration-ms="8938">
    <groups>
    </groups>
    <test started-at="2024-10-06T13:44:37 IST" name="Test" finished-at="2024-10-06T13:44:46 IST" duration-ms="8938">
      <class name="testCases.TC007_OrderingTheProduct">
        <test-method is-config="true" signature="setUp(java.lang.String,java.lang.String)[pri:0, instance:testCases.TC007_OrderingTheProduct@335b5620]" started-at="2024-10-06T13:44:38 IST" name="setUp" finished-at="2024-10-06T13:44:41 IST" duration-ms="3683" status="PASS">
          <params>
            <param index="0">
              <value>
                <![CDATA[Windows]]>
              </value>
            </param>
            <param index="1">
              <value>
                <![CDATA[chrome]]>
              </value>
            </param>
          </params>
          <reporter-output>
          </reporter-output>
        </test-method> <!-- setUp -->
        <test-method signature="orederingTheProduct()[pri:0, instance:testCases.TC007_OrderingTheProduct@335b5620]" started-at="2024-10-06T13:44:41 IST" name="orederingTheProduct" finished-at="2024-10-06T13:44:46 IST" duration-ms="4981" status="PASS">
          <reporter-output>
          </reporter-output>
        </test-method> <!-- orederingTheProduct -->
      </class> <!-- testCases.TC007_OrderingTheProduct -->
    </test> <!-- Test -->
  </suite> <!-- Master Suite -->
</testng-results>
